timestamp: 2013-02-23T15:00:09.333000
CREATE TABLE auth_user(
    id INTEGER PRIMARY KEY AUTOINCREMENT,
    first_name CHAR(128),
    last_name CHAR(128),
    email CHAR(512),
    password CHAR(512),
    registration_key CHAR(512),
    reset_password_key CHAR(512),
    registration_id CHAR(512)
);
success!
timestamp: 2013-02-23T15:00:09.463000
CREATE TABLE auth_group(
    id INTEGER PRIMARY KEY AUTOINCREMENT,
    role CHAR(512),
    description TEXT
);
success!
timestamp: 2013-02-23T15:00:09.593000
CREATE TABLE auth_membership(
    id INTEGER PRIMARY KEY AUTOINCREMENT,
    user_id INTEGER REFERENCES auth_user (id) ON DELETE CASCADE,
    group_id INTEGER REFERENCES auth_group (id) ON DELETE CASCADE
);
success!
timestamp: 2013-02-23T15:00:09.735000
CREATE TABLE auth_permission(
    id INTEGER PRIMARY KEY AUTOINCREMENT,
    group_id INTEGER REFERENCES auth_group (id) ON DELETE CASCADE,
    name CHAR(512),
    table_name CHAR(512),
    record_id INTEGER
);
success!
timestamp: 2013-02-23T15:00:09.814000
CREATE TABLE auth_event(
    id INTEGER PRIMARY KEY AUTOINCREMENT,
    time_stamp TIMESTAMP,
    client_ip CHAR(512),
    user_id INTEGER REFERENCES auth_user (id) ON DELETE CASCADE,
    origin CHAR(512),
    description TEXT
);
success!
timestamp: 2013-02-23T15:00:09.895000
CREATE TABLE auth_cas(
    id INTEGER PRIMARY KEY AUTOINCREMENT,
    user_id INTEGER REFERENCES auth_user (id) ON DELETE CASCADE,
    created_on TIMESTAMP,
    service CHAR(512),
    ticket CHAR(512),
    renew CHAR(1)
);
success!
timestamp: 2013-02-23T15:46:47.353000
CREATE TABLE category(
    id INTEGER PRIMARY KEY AUTOINCREMENT,
    name CHAR(512) UNIQUE,
    description TEXT
);
success!
timestamp: 2013-02-23T15:46:47.493000
CREATE TABLE methodOfPayment(
    id INTEGER PRIMARY KEY AUTOINCREMENT,
    name CHAR(512) UNIQUE,
    description TEXT
);
success!
timestamp: 2013-02-23T15:57:26.263000
CREATE TABLE expense(
    id INTEGER PRIMARY KEY AUTOINCREMENT,
    name CHAR(512),
    description TEXT,
    categories TEXT,
    methodOfPayment INTEGER REFERENCES methodOfPayment (id) ON DELETE CASCADE,
    amount DOUBLE,
    dueTo DATE,
    parcels INTEGER,
    receipt CHAR(512)
);
success!
timestamp: 2013-03-02T14:28:30.183000
ALTER TABLE category ADD userid INTEGER;
timestamp: 2013-03-02T14:28:30.297000
ALTER TABLE methodOfPayment ADD userid INTEGER;
timestamp: 2013-03-02T14:28:30.384000
ALTER TABLE expense ADD userid INTEGER;
timestamp: 2013-03-02T14:29:40.711000
ALTER TABLE category ADD user_id INTEGER;
timestamp: 2013-03-02T14:29:40.789000
ALTER TABLE methodOfPayment ADD user_id INTEGER;
timestamp: 2013-03-02T14:29:40.897000
ALTER TABLE expense ADD user_id INTEGER;
timestamp: 2013-03-02T14:29:40.982000
ALTER TABLE expense ADD due_to DATE;
timestamp: 2013-03-02T14:29:41.044000
ALTER TABLE expense ADD method_of_payment INTEGER REFERENCES methodOfPayment (id) ON DELETE CASCADE;
